# JRE version: Java(TM) SE Runtime Environment (8.0_05-b13) (build 1.8.0_05-b13)
# Java VM: Java HotSpot(TM) 64-Bit Server VM (25.5-b02 mixed mode windows-amd64 compressed oops)
Heap:
 def new generation   total 1152K, used 157K [0x00000000a2400000, 0x00000000a2540000, 0x00000000c1800000)
  eden space 1024K,   5% used [0x00000000a2400000, 0x00000000a240f428, 0x00000000a2500000)
  from space 128K,  75% used [0x00000000a2520000, 0x00000000a2538210, 0x00000000a2540000)
  to   space 128K,   0% used [0x00000000a2500000, 0x00000000a2500000, 0x00000000a2520000)
 tenured generation   total 127744K, used 53207K [0x00000000c1800000, 0x00000000c94c0000, 0x0000000100000000)
   the space 127744K,  41% used [0x00000000c1800000, 0x00000000c4bf5c68, 0x00000000c4bf5e00, 0x00000000c94c0000)
 Metaspace       used 14958K, capacity 15386K, committed 15616K, reserved 1062912K
  class space    used 1681K, capacity 1789K, committed 1792K, reserved 1048576K
GC Heap History (10 events):
Event: 11.313 GC heap before
{Heap before GC invocations=582 (full 0):
 def new generation   total 1152K, used 1148K [0x00000000a2400000, 0x00000000a2540000, 0x00000000c1800000)
  eden space 1024K, 100% used [0x00000000a2400000, 0x00000000a2500000, 0x00000000a2500000)
  from space 128K,  97% used [0x00000000a2500000, 0x00000000a251f308, 0x00000000a2520000)
  to   space 128K,   0% used [0x00000000a2520000, 0x00000000a2520000, 0x00000000a2540000)
 tenured generation   total 127744K, used 52909K [0x00000000c1800000, 0x00000000c94c0000, 0x0000000100000000)
   the space 127744K,  41% used [0x00000000c1800000, 0x00000000c4bab698, 0x00000000c4bab800, 0x00000000c94c0000)
 Metaspace       used 14771K, capacity 15162K, committed 15360K, reserved 1062912K
  class space    used 1664K, capacity 1757K, committed 1792K, reserved 1048576K
Event: 11.316 GC heap after
Heap after GC invocations=583 (full 0):
 def new generation   total 1152K, used 68K [0x00000000a2400000, 0x00000000a2540000, 0x00000000c1800000)
  eden space 1024K,   0% used [0x00000000a2400000, 0x00000000a2400000, 0x00000000a2500000)
  from space 128K,  53% used [0x00000000a2520000, 0x00000000a25312b8, 0x00000000a2540000)
  to   space 128K,   0% used [0x00000000a2500000, 0x00000000a2500000, 0x00000000a2520000)
 tenured generation   total 127744K, used 52988K [0x00000000c1800000, 0x00000000c94c0000, 0x0000000100000000)
   the space 127744K,  41% used [0x00000000c1800000, 0x00000000c4bbf060, 0x00000000c4bbf200, 0x00000000c94c0000)
 Metaspace       used 14771K, capacity 15162K, committed 15360K, reserved 1062912K
  class space    used 1664K, capacity 1757K, committed 1792K, reserved 1048576K
}
Event: 11.326 GC heap before
{Heap before GC invocations=583 (full 0):
 def new generation   total 1152K, used 1092K [0x00000000a2400000, 0x00000000a2540000, 0x00000000c1800000)
  eden space 1024K, 100% used [0x00000000a2400000, 0x00000000a2500000, 0x00000000a2500000)
  from space 128K,  53% used [0x00000000a2520000, 0x00000000a25312b8, 0x00000000a2540000)
  to   space 128K,   0% used [0x00000000a2500000, 0x00000000a2500000, 0x00000000a2520000)
 tenured generation   total 127744K, used 52988K [0x00000000c1800000, 0x00000000c94c0000, 0x0000000100000000)
   the space 127744K,  41% used [0x00000000c1800000, 0x00000000c4bbf060, 0x00000000c4bbf200, 0x00000000c94c0000)
 Metaspace       used 14771K, capacity 15162K, committed 15360K, reserved 1062912K
  class space    used 1664K, capacity 1757K, committed 1792K, reserved 1048576K
Event: 11.329 GC heap after
Heap after GC invocations=584 (full 0):
 def new generation   total 1152K, used 128K [0x00000000a2400000, 0x00000000a2540000, 0x00000000c1800000)
  eden space 1024K,   0% used [0x00000000a2400000, 0x00000000a2400000, 0x00000000a2500000)
  from space 128K, 100% used [0x00000000a2500000, 0x00000000a2520000, 0x00000000a2520000)
  to   space 128K,   0% used [0x00000000a2520000, 0x00000000a2520000, 0x00000000a2540000)
 tenured generation   total 127744K, used 53021K [0x00000000c1800000, 0x00000000c94c0000, 0x0000000100000000)
   the space 127744K,  41% used [0x00000000c1800000, 0x00000000c4bc75b8, 0x00000000c4bc7600, 0x00000000c94c0000)
 Metaspace       used 14771K, capacity 15162K, committed 15360K, reserved 1062912K
  class space    used 1664K, capacity 1757K, committed 1792K, reserved 1048576K
}
Event: 11.339 GC heap before
{Heap before GC invocations=584 (full 0):
 def new generation   total 1152K, used 1152K [0x00000000a2400000, 0x00000000a2540000, 0x00000000c1800000)
  eden space 1024K, 100% used [0x00000000a2400000, 0x00000000a2500000, 0x00000000a2500000)
  from space 128K, 100% used [0x00000000a2500000, 0x00000000a2520000, 0x00000000a2520000)
  to   space 128K,   0% used [0x00000000a2520000, 0x00000000a2520000, 0x00000000a2540000)
 tenured generation   total 127744K, used 53021K [0x00000000c1800000, 0x00000000c94c0000, 0x0000000100000000)
   the space 127744K,  41% used [0x00000000c1800000, 0x00000000c4bc75b8, 0x00000000c4bc7600, 0x00000000c94c0000)
 Metaspace       used 14771K, capacity 15162K, committed 15360K, reserved 1062912K
  class space    used 1664K, capacity 1757K, committed 1792K, reserved 1048576K
Event: 11.342 GC heap after
Heap after GC invocations=585 (full 0):
 def new generation   total 1152K, used 113K [0x00000000a2400000, 0x00000000a2540000, 0x00000000c1800000)
  eden space 1024K,   0% used [0x00000000a2400000, 0x00000000a2400000, 0x00000000a2500000)
  from space 128K,  88% used [0x00000000a2520000, 0x00000000a253c5f8, 0x00000000a2540000)
  to   space 128K,   0% used [0x00000000a2500000, 0x00000000a2500000, 0x00000000a2520000)
 tenured generation   total 127744K, used 53102K [0x00000000c1800000, 0x00000000c94c0000, 0x0000000100000000)
   the space 127744K,  41% used [0x00000000c1800000, 0x00000000c4bdbb30, 0x00000000c4bdbc00, 0x00000000c94c0000)
 Metaspace       used 14771K, capacity 15162K, committed 15360K, reserved 1062912K
  class space    used 1664K, capacity 1757K, committed 1792K, reserved 1048576K
}
Event: 11.349 GC heap before
{Heap before GC invocations=585 (full 0):
 def new generation   total 1152K, used 1137K [0x00000000a2400000, 0x00000000a2540000, 0x00000000c1800000)
  eden space 1024K, 100% used [0x00000000a2400000, 0x00000000a2500000, 0x00000000a2500000)
  from space 128K,  88% used [0x00000000a2520000, 0x00000000a253c5f8, 0x00000000a2540000)
  to   space 128K,   0% used [0x00000000a2500000, 0x00000000a2500000, 0x00000000a2520000)
 tenured generation   total 127744K, used 53102K [0x00000000c1800000, 0x00000000c94c0000, 0x0000000100000000)
   the space 127744K,  41% used [0x00000000c1800000, 0x00000000c4bdbb30, 0x00000000c4bdbc00, 0x00000000c94c0000)
 Metaspace       used 14771K, capacity 15162K, committed 15360K, reserved 1062912K
  class space    used 1664K, capacity 1757K, committed 1792K, reserved 1048576K
Event: 11.352 GC heap after
Heap after GC invocations=586 (full 0):
 def new generation   total 1152K, used 77K [0x00000000a2400000, 0x00000000a2540000, 0x00000000c1800000)
  eden space 1024K,   0% used [0x00000000a2400000, 0x00000000a2400000, 0x00000000a2500000)
  from space 128K,  60% used [0x00000000a2500000, 0x00000000a2513610, 0x00000000a2520000)
  to   space 128K,   0% used [0x00000000a2520000, 0x00000000a2520000, 0x00000000a2540000)
 tenured generation   total 127744K, used 53162K [0x00000000c1800000, 0x00000000c94c0000, 0x0000000100000000)
   the space 127744K,  41% used [0x00000000c1800000, 0x00000000c4beaa08, 0x00000000c4beac00, 0x00000000c94c0000)
 Metaspace       used 14771K, capacity 15162K, committed 15360K, reserved 1062912K
  class space    used 1664K, capacity 1757K, committed 1792K, reserved 1048576K
}
Event: 11.381 GC heap before
{Heap before GC invocations=586 (full 0):
 def new generation   total 1152K, used 1101K [0x00000000a2400000, 0x00000000a2540000, 0x00000000c1800000)
  eden space 1024K, 100% used [0x00000000a2400000, 0x00000000a2500000, 0x00000000a2500000)
  from space 128K,  60% used [0x00000000a2500000, 0x00000000a2513610, 0x00000000a2520000)
  to   space 128K,   0% used [0x00000000a2520000, 0x00000000a2520000, 0x00000000a2540000)
 tenured generation   total 127744K, used 53162K [0x00000000c1800000, 0x00000000c94c0000, 0x0000000100000000)
   the space 127744K,  41% used [0x00000000c1800000, 0x00000000c4beaa08, 0x00000000c4beac00, 0x00000000c94c0000)
 Metaspace       used 14955K, capacity 15386K, committed 15616K, reserved 1062912K
  class space    used 1681K, capacity 1789K, committed 1792K, reserved 1048576K
Event: 11.385 GC heap after
Heap after GC invocations=587 (full 0):
 def new generation   total 1152K, used 96K [0x00000000a2400000, 0x00000000a2540000, 0x00000000c1800000)
  eden space 1024K,   0% used [0x00000000a2400000, 0x00000000a2400000, 0x00000000a2500000)
  from space 128K,  75% used [0x00000000a2520000, 0x00000000a2538210, 0x00000000a2540000)
  to   space 128K,   0% used [0x00000000a2500000, 0x00000000a2500000, 0x00000000a2520000)
 tenured generation   total 127744K, used 53207K [0x00000000c1800000, 0x00000000c94c0000, 0x0000000100000000)
   the space 127744K,  41% used [0x00000000c1800000, 0x00000000c4bf5c68, 0x00000000c4bf5e00, 0x00000000c94c0000)
 Metaspace       used 14955K, capacity 15386K, committed 15616K, reserved 1062912K
  class space    used 1681K, capacity 1789K, committed 1792K, reserved 1048576K
}

