# JRE version: Java(TM) SE Runtime Environment (8.0_05-b13) (build 1.8.0_05-b13)
# Java VM: Java HotSpot(TM) 64-Bit Server VM (25.5-b02 mixed mode windows-amd64 compressed oops)
Heap:
 def new generation   total 1152K, used 229K [0x00000000a2400000, 0x00000000a2540000, 0x00000000c1800000)
  eden space 1024K,  11% used [0x00000000a2400000, 0x00000000a241e5a0, 0x00000000a2500000)
  from space 128K,  84% used [0x00000000a2520000, 0x00000000a253afa8, 0x00000000a2540000)
  to   space 128K,   0% used [0x00000000a2500000, 0x00000000a2500000, 0x00000000a2520000)
 tenured generation   total 127744K, used 47317K [0x00000000c1800000, 0x00000000c94c0000, 0x0000000100000000)
   the space 127744K,  37% used [0x00000000c1800000, 0x00000000c4635728, 0x00000000c4635800, 0x00000000c94c0000)
 Metaspace       used 14608K, capacity 14952K, committed 15104K, reserved 1062912K
  class space    used 1648K, capacity 1726K, committed 1792K, reserved 1048576K
GC Heap History (10 events):
Event: 10.377 GC heap before
{Heap before GC invocations=469 (full 0):
 def new generation   total 1152K, used 1151K [0x00000000a2400000, 0x00000000a2540000, 0x00000000c1800000)
  eden space 1024K, 100% used [0x00000000a2400000, 0x00000000a2500000, 0x00000000a2500000)
  from space 128K,  99% used [0x00000000a2520000, 0x00000000a253fff8, 0x00000000a2540000)
  to   space 128K,   0% used [0x00000000a2500000, 0x00000000a2500000, 0x00000000a2520000)
 tenured generation   total 127744K, used 46955K [0x00000000c1800000, 0x00000000c94c0000, 0x0000000100000000)
   the space 127744K,  36% used [0x00000000c1800000, 0x00000000c45dafe0, 0x00000000c45db000, 0x00000000c94c0000)
 Metaspace       used 14608K, capacity 14952K, committed 15104K, reserved 1062912K
  class space    used 1648K, capacity 1726K, committed 1792K, reserved 1048576K
Event: 10.380 GC heap after
Heap after GC invocations=470 (full 0):
 def new generation   total 1152K, used 77K [0x00000000a2400000, 0x00000000a2540000, 0x00000000c1800000)
  eden space 1024K,   0% used [0x00000000a2400000, 0x00000000a2400000, 0x00000000a2500000)
  from space 128K,  60% used [0x00000000a2500000, 0x00000000a25135b0, 0x00000000a2520000)
  to   space 128K,   0% used [0x00000000a2520000, 0x00000000a2520000, 0x00000000a2540000)
 tenured generation   total 127744K, used 47038K [0x00000000c1800000, 0x00000000c94c0000, 0x0000000100000000)
   the space 127744K,  36% used [0x00000000c1800000, 0x00000000c45ef9e0, 0x00000000c45efa00, 0x00000000c94c0000)
 Metaspace       used 14608K, capacity 14952K, committed 15104K, reserved 1062912K
  class space    used 1648K, capacity 1726K, committed 1792K, reserved 1048576K
}
Event: 10.396 GC heap before
{Heap before GC invocations=470 (full 0):
 def new generation   total 1152K, used 1101K [0x00000000a2400000, 0x00000000a2540000, 0x00000000c1800000)
  eden space 1024K, 100% used [0x00000000a2400000, 0x00000000a2500000, 0x00000000a2500000)
  from space 128K,  60% used [0x00000000a2500000, 0x00000000a25135b0, 0x00000000a2520000)
  to   space 128K,   0% used [0x00000000a2520000, 0x00000000a2520000, 0x00000000a2540000)
 tenured generation   total 127744K, used 47038K [0x00000000c1800000, 0x00000000c94c0000, 0x0000000100000000)
   the space 127744K,  36% used [0x00000000c1800000, 0x00000000c45ef9e0, 0x00000000c45efa00, 0x00000000c94c0000)
 Metaspace       used 14608K, capacity 14952K, committed 15104K, reserved 1062912K
  class space    used 1648K, capacity 1726K, committed 1792K, reserved 1048576K
Event: 10.398 GC heap after
Heap after GC invocations=471 (full 0):
 def new generation   total 1152K, used 114K [0x00000000a2400000, 0x00000000a2540000, 0x00000000c1800000)
  eden space 1024K,   0% used [0x00000000a2400000, 0x00000000a2400000, 0x00000000a2500000)
  from space 128K,  89% used [0x00000000a2520000, 0x00000000a253cb78, 0x00000000a2540000)
  to   space 128K,   0% used [0x00000000a2500000, 0x00000000a2500000, 0x00000000a2520000)
 tenured generation   total 127744K, used 47055K [0x00000000c1800000, 0x00000000c94c0000, 0x0000000100000000)
   the space 127744K,  36% used [0x00000000c1800000, 0x00000000c45f3c90, 0x00000000c45f3e00, 0x00000000c94c0000)
 Metaspace       used 14608K, capacity 14952K, committed 15104K, reserved 1062912K
  class space    used 1648K, capacity 1726K, committed 1792K, reserved 1048576K
}
Event: 10.427 GC heap before
{Heap before GC invocations=471 (full 0):
 def new generation   total 1152K, used 1138K [0x00000000a2400000, 0x00000000a2540000, 0x00000000c1800000)
  eden space 1024K, 100% used [0x00000000a2400000, 0x00000000a2500000, 0x00000000a2500000)
  from space 128K,  89% used [0x00000000a2520000, 0x00000000a253cb78, 0x00000000a2540000)
  to   space 128K,   0% used [0x00000000a2500000, 0x00000000a2500000, 0x00000000a2520000)
 tenured generation   total 127744K, used 47055K [0x00000000c1800000, 0x00000000c94c0000, 0x0000000100000000)
   the space 127744K,  36% used [0x00000000c1800000, 0x00000000c45f3c90, 0x00000000c45f3e00, 0x00000000c94c0000)
 Metaspace       used 14608K, capacity 14952K, committed 15104K, reserved 1062912K
  class space    used 1648K, capacity 1726K, committed 1792K, reserved 1048576K
Event: 10.430 GC heap after
Heap after GC invocations=472 (full 0):
 def new generation   total 1152K, used 125K [0x00000000a2400000, 0x00000000a2540000, 0x00000000c1800000)
  eden space 1024K,   0% used [0x00000000a2400000, 0x00000000a2400000, 0x00000000a2500000)
  from space 128K,  98% used [0x00000000a2500000, 0x00000000a251f6f8, 0x00000000a2520000)
  to   space 128K,   0% used [0x00000000a2520000, 0x00000000a2520000, 0x00000000a2540000)
 tenured generation   total 127744K, used 47116K [0x00000000c1800000, 0x00000000c94c0000, 0x0000000100000000)
   the space 127744K,  36% used [0x00000000c1800000, 0x00000000c4603358, 0x00000000c4603400, 0x00000000c94c0000)
 Metaspace       used 14608K, capacity 14952K, committed 15104K, reserved 1062912K
  class space    used 1648K, capacity 1726K, committed 1792K, reserved 1048576K
}
Event: 10.438 GC heap before
{Heap before GC invocations=472 (full 0):
 def new generation   total 1152K, used 1149K [0x00000000a2400000, 0x00000000a2540000, 0x00000000c1800000)
  eden space 1024K,  99% used [0x00000000a2400000, 0x00000000a24ffd80, 0x00000000a2500000)
  from space 128K,  98% used [0x00000000a2500000, 0x00000000a251f6f8, 0x00000000a2520000)
  to   space 128K,   0% used [0x00000000a2520000, 0x00000000a2520000, 0x00000000a2540000)
 tenured generation   total 127744K, used 47116K [0x00000000c1800000, 0x00000000c94c0000, 0x0000000100000000)
   the space 127744K,  36% used [0x00000000c1800000, 0x00000000c4603358, 0x00000000c4603400, 0x00000000c94c0000)
 Metaspace       used 14608K, capacity 14952K, committed 15104K, reserved 1062912K
  class space    used 1648K, capacity 1726K, committed 1792K, reserved 1048576K
Event: 10.440 GC heap after
Heap after GC invocations=473 (full 0):
 def new generation   total 1152K, used 68K [0x00000000a2400000, 0x00000000a2540000, 0x00000000c1800000)
  eden space 1024K,   0% used [0x00000000a2400000, 0x00000000a2400000, 0x00000000a2500000)
  from space 128K,  53% used [0x00000000a2520000, 0x00000000a2531068, 0x00000000a2540000)
  to   space 128K,   0% used [0x00000000a2500000, 0x00000000a2500000, 0x00000000a2520000)
 tenured generation   total 127744K, used 47197K [0x00000000c1800000, 0x00000000c94c0000, 0x0000000100000000)
   the space 127744K,  36% used [0x00000000c1800000, 0x00000000c46174c8, 0x00000000c4617600, 0x00000000c94c0000)
 Metaspace       used 14608K, capacity 14952K, committed 15104K, reserved 1062912K
  class space    used 1648K, capacity 1726K, committed 1792K, reserved 1048576K
}
Event: 10.470 GC heap before
{Heap before GC invocations=473 (full 0):
 def new generation   total 1152K, used 1092K [0x00000000a2400000, 0x00000000a2540000, 0x00000000c1800000)
  eden space 1024K, 100% used [0x00000000a2400000, 0x00000000a2500000, 0x00000000a2500000)
  from space 128K,  53% used [0x00000000a2520000, 0x00000000a2531068, 0x00000000a2540000)
  to   space 128K,   0% used [0x00000000a2500000, 0x00000000a2500000, 0x00000000a2520000)
 tenured generation   total 127744K, used 47197K [0x00000000c1800000, 0x00000000c94c0000, 0x0000000100000000)
   the space 127744K,  36% used [0x00000000c1800000, 0x00000000c46174c8, 0x00000000c4617600, 0x00000000c94c0000)
 Metaspace       used 14608K, capacity 14952K, committed 15104K, reserved 1062912K
  class space    used 1648K, capacity 1726K, committed 1792K, reserved 1048576K
Event: 10.473 GC heap after
Heap after GC invocations=474 (full 0):
 def new generation   total 1152K, used 128K [0x00000000a2400000, 0x00000000a2540000, 0x00000000c1800000)
  eden space 1024K,   0% used [0x00000000a2400000, 0x00000000a2400000, 0x00000000a2500000)
  from space 128K, 100% used [0x00000000a2500000, 0x00000000a2520000, 0x00000000a2520000)
  to   space 128K,   0% used [0x00000000a2520000, 0x00000000a2520000, 0x00000000a2540000)
 tenured generation   total 127744K, used 47234K [0x00000000c1800000, 0x00000000c94c0000, 0x0000000100000000)
   the space 127744K,  36% used [0x00000000c1800000, 0x00000000c4620a08, 0x00000000c4620c00, 0x00000000c94c0000)
 Metaspace       used 14608K, capacity 14952K, committed 15104K, reserved 1062912K
  class space    used 1648K, capacity 1726K, committed 1792K, reserved 1048576K
}

