# JRE version: Java(TM) SE Runtime Environment (8.0_05-b13) (build 1.8.0_05-b13)
# Java VM: Java HotSpot(TM) 64-Bit Server VM (25.5-b02 mixed mode windows-amd64 compressed oops)
Heap:
 PSYoungGen      total 38400K, used 15733K [0x00000000d6400000, 0x00000000d8e00000, 0x0000000100000000)
  eden space 33792K, 40% used [0x00000000d6400000,0x00000000d71356c0,0x00000000d8500000)
  from space 4608K, 47% used [0x00000000d8980000,0x00000000d8ba8000,0x00000000d8e00000)
  to   space 4608K, 0% used [0x00000000d8500000,0x00000000d8500000,0x00000000d8980000)
 ParOldGen       total 127488K, used 15434K [0x0000000082c00000, 0x000000008a880000, 0x00000000d6400000)
  object space 127488K, 12% used [0x0000000082c00000,0x0000000083b12a50,0x000000008a880000)
 Metaspace       used 11535K, capacity 11914K, committed 12032K, reserved 1060864K
  class space    used 1358K, capacity 1427K, committed 1536K, reserved 1048576K
GC Heap History (10 events):
Event: 1.427 GC heap before
{Heap before GC invocations=14 (full 0):
 PSYoungGen      total 12288K, used 12256K [0x00000000d6400000, 0x00000000d7b00000, 0x0000000100000000)
  eden space 10240K, 100% used [0x00000000d6400000,0x00000000d6e00000,0x00000000d6e00000)
  from space 2048K, 98% used [0x00000000d6e00000,0x00000000d6ff8010,0x00000000d7000000)
  to   space 3584K, 0% used [0x00000000d7780000,0x00000000d7780000,0x00000000d7b00000)
 ParOldGen       total 127488K, used 5603K [0x0000000082c00000, 0x000000008a880000, 0x00000000d6400000)
  object space 127488K, 4% used [0x0000000082c00000,0x0000000083178c98,0x000000008a880000)
 Metaspace       used 7947K, capacity 8176K, committed 8448K, reserved 1056768K
  class space    used 875K, capacity 932K, committed 1024K, reserved 1048576K
Event: 1.438 GC heap after
Heap after GC invocations=14 (full 0):
 PSYoungGen      total 18432K, used 3584K [0x00000000d6400000, 0x00000000d7e00000, 0x0000000100000000)
  eden space 14848K, 0% used [0x00000000d6400000,0x00000000d6400000,0x00000000d7280000)
  from space 3584K, 100% used [0x00000000d7780000,0x00000000d7b00000,0x00000000d7b00000)
  to   space 5120K, 0% used [0x00000000d7280000,0x00000000d7280000,0x00000000d7780000)
 ParOldGen       total 127488K, used 7868K [0x0000000082c00000, 0x000000008a880000, 0x00000000d6400000)
  object space 127488K, 6% used [0x0000000082c00000,0x00000000833af1e8,0x000000008a880000)
 Metaspace       used 7947K, capacity 8176K, committed 8448K, reserved 1056768K
  class space    used 875K, capacity 932K, committed 1024K, reserved 1048576K
}
Event: 1.569 GC heap before
{Heap before GC invocations=15 (full 0):
 PSYoungGen      total 18432K, used 18432K [0x00000000d6400000, 0x00000000d7e00000, 0x0000000100000000)
  eden space 14848K, 100% used [0x00000000d6400000,0x00000000d7280000,0x00000000d7280000)
  from space 3584K, 100% used [0x00000000d7780000,0x00000000d7b00000,0x00000000d7b00000)
  to   space 5120K, 0% used [0x00000000d7280000,0x00000000d7280000,0x00000000d7780000)
 ParOldGen       total 127488K, used 7868K [0x0000000082c00000, 0x000000008a880000, 0x00000000d6400000)
  object space 127488K, 6% used [0x0000000082c00000,0x00000000833af1e8,0x000000008a880000)
 Metaspace       used 7950K, capacity 8176K, committed 8448K, reserved 1056768K
  class space    used 875K, capacity 932K, committed 1024K, reserved 1048576K
Event: 1.585 GC heap after
Heap after GC invocations=15 (full 0):
 PSYoungGen      total 19968K, used 1984K [0x00000000d6400000, 0x00000000d8480000, 0x0000000100000000)
  eden space 14848K, 0% used [0x00000000d6400000,0x00000000d6400000,0x00000000d7280000)
  from space 5120K, 38% used [0x00000000d7280000,0x00000000d7470000,0x00000000d7780000)
  to   space 4608K, 0% used [0x00000000d8000000,0x00000000d8000000,0x00000000d8480000)
 ParOldGen       total 127488K, used 11459K [0x0000000082c00000, 0x000000008a880000, 0x00000000d6400000)
  object space 127488K, 8% used [0x0000000082c00000,0x0000000083730fc8,0x000000008a880000)
 Metaspace       used 7950K, capacity 8176K, committed 8448K, reserved 1056768K
  class space    used 875K, capacity 932K, committed 1024K, reserved 1048576K
}
Event: 1.727 GC heap before
{Heap before GC invocations=16 (full 0):
 PSYoungGen      total 19968K, used 16832K [0x00000000d6400000, 0x00000000d8480000, 0x0000000100000000)
  eden space 14848K, 100% used [0x00000000d6400000,0x00000000d7280000,0x00000000d7280000)
  from space 5120K, 38% used [0x00000000d7280000,0x00000000d7470000,0x00000000d7780000)
  to   space 4608K, 0% used [0x00000000d8000000,0x00000000d8000000,0x00000000d8480000)
 ParOldGen       total 127488K, used 11459K [0x0000000082c00000, 0x000000008a880000, 0x00000000d6400000)
  object space 127488K, 8% used [0x0000000082c00000,0x0000000083730fc8,0x000000008a880000)
 Metaspace       used 8029K, capacity 8240K, committed 8448K, reserved 1056768K
  class space    used 886K, capacity 932K, committed 1024K, reserved 1048576K
Event: 1.736 GC heap after
Heap after GC invocations=16 (full 0):
 PSYoungGen      total 28672K, used 1456K [0x00000000d6400000, 0x00000000d8480000, 0x0000000100000000)
  eden space 24064K, 0% used [0x00000000d6400000,0x00000000d6400000,0x00000000d7b80000)
  from space 4608K, 31% used [0x00000000d8000000,0x00000000d816c010,0x00000000d8480000)
  to   space 4608K, 0% used [0x00000000d7b80000,0x00000000d7b80000,0x00000000d8000000)
 ParOldGen       total 127488K, used 13147K [0x0000000082c00000, 0x000000008a880000, 0x00000000d6400000)
  object space 127488K, 10% used [0x0000000082c00000,0x00000000838d6fc8,0x000000008a880000)
 Metaspace       used 8029K, capacity 8240K, committed 8448K, reserved 1056768K
  class space    used 886K, capacity 932K, committed 1024K, reserved 1048576K
}
Event: 2.194 GC heap before
{Heap before GC invocations=17 (full 0):
 PSYoungGen      total 28672K, used 25520K [0x00000000d6400000, 0x00000000d8480000, 0x0000000100000000)
  eden space 24064K, 100% used [0x00000000d6400000,0x00000000d7b80000,0x00000000d7b80000)
  from space 4608K, 31% used [0x00000000d8000000,0x00000000d816c010,0x00000000d8480000)
  to   space 4608K, 0% used [0x00000000d7b80000,0x00000000d7b80000,0x00000000d8000000)
 ParOldGen       total 127488K, used 13147K [0x0000000082c00000, 0x000000008a880000, 0x00000000d6400000)
  object space 127488K, 10% used [0x0000000082c00000,0x00000000838d6fc8,0x000000008a880000)
 Metaspace       used 10964K, capacity 11268K, committed 11392K, reserved 1058816K
  class space    used 1318K, capacity 1394K, committed 1408K, reserved 1048576K
Event: 2.203 GC heap after
Heap after GC invocations=17 (full 0):
 PSYoungGen      total 28672K, used 3089K [0x00000000d6400000, 0x00000000d8e00000, 0x0000000100000000)
  eden space 24064K, 0% used [0x00000000d6400000,0x00000000d6400000,0x00000000d7b80000)
  from space 4608K, 67% used [0x00000000d7b80000,0x00000000d7e84620,0x00000000d8000000)
  to   space 4608K, 0% used [0x00000000d8980000,0x00000000d8980000,0x00000000d8e00000)
 ParOldGen       total 127488K, used 14454K [0x0000000082c00000, 0x000000008a880000, 0x00000000d6400000)
  object space 127488K, 11% used [0x0000000082c00000,0x0000000083a1d930,0x000000008a880000)
 Metaspace       used 10964K, capacity 11268K, committed 11392K, reserved 1058816K
  class space    used 1318K, capacity 1394K, committed 1408K, reserved 1048576K
}
Event: 2.604 GC heap before
{Heap before GC invocations=18 (full 0):
 PSYoungGen      total 28672K, used 27153K [0x00000000d6400000, 0x00000000d8e00000, 0x0000000100000000)
  eden space 24064K, 100% used [0x00000000d6400000,0x00000000d7b80000,0x00000000d7b80000)
  from space 4608K, 67% used [0x00000000d7b80000,0x00000000d7e84620,0x00000000d8000000)
  to   space 4608K, 0% used [0x00000000d8980000,0x00000000d8980000,0x00000000d8e00000)
 ParOldGen       total 127488K, used 14454K [0x0000000082c00000, 0x000000008a880000, 0x00000000d6400000)
  object space 127488K, 11% used [0x0000000082c00000,0x0000000083a1d930,0x000000008a880000)
 Metaspace       used 11468K, capacity 11850K, committed 12032K, reserved 1060864K
  class space    used 1358K, capacity 1427K, committed 1536K, reserved 1048576K
Event: 2.617 GC heap after
Heap after GC invocations=18 (full 0):
 PSYoungGen      total 38400K, used 2208K [0x00000000d6400000, 0x00000000d8e00000, 0x0000000100000000)
  eden space 33792K, 0% used [0x00000000d6400000,0x00000000d6400000,0x00000000d8500000)
  from space 4608K, 47% used [0x00000000d8980000,0x00000000d8ba8000,0x00000000d8e00000)
  to   space 4608K, 0% used [0x00000000d8500000,0x00000000d8500000,0x00000000d8980000)
 ParOldGen       total 127488K, used 15434K [0x0000000082c00000, 0x000000008a880000, 0x00000000d6400000)
  object space 127488K, 12% used [0x0000000082c00000,0x0000000083b12a50,0x000000008a880000)
 Metaspace       used 11468K, capacity 11850K, committed 12032K, reserved 1060864K
  class space    used 1358K, capacity 1427K, committed 1536K, reserved 1048576K
}

