# JRE version: Java(TM) SE Runtime Environment (8.0_05-b13) (build 1.8.0_05-b13)
# Java VM: Java HotSpot(TM) 64-Bit Server VM (25.5-b02 mixed mode windows-amd64 compressed oops)
Heap:
 PSYoungGen      total 39424K, used 29204K [0x00000000d6400000, 0x00000000d8f00000, 0x0000000100000000)
  eden space 34816K, 74% used [0x00000000d6400000,0x00000000d7d750f8,0x00000000d8600000)
  from space 4608K, 68% used [0x00000000d8600000,0x00000000d8910000,0x00000000d8a80000)
  to   space 4608K, 0% used [0x00000000d8a80000,0x00000000d8a80000,0x00000000d8f00000)
 ParOldGen       total 127488K, used 16085K [0x0000000082c00000, 0x000000008a880000, 0x00000000d6400000)
  object space 127488K, 12% used [0x0000000082c00000,0x0000000083bb5728,0x000000008a880000)
 Metaspace       used 11595K, capacity 11914K, committed 12032K, reserved 1060864K
  class space    used 1357K, capacity 1427K, committed 1536K, reserved 1048576K
GC Heap History (10 events):
Event: 1.337 GC heap before
{Heap before GC invocations=11 (full 0):
 PSYoungGen      total 15360K, used 14542K [0x00000000d6400000, 0x00000000d7500000, 0x0000000100000000)
  eden space 13312K, 100% used [0x00000000d6400000,0x00000000d7100000,0x00000000d7100000)
  from space 2048K, 60% used [0x00000000d7300000,0x00000000d7433a20,0x00000000d7500000)
  to   space 2048K, 0% used [0x00000000d7100000,0x00000000d7100000,0x00000000d7300000)
 ParOldGen       total 127488K, used 2811K [0x0000000082c00000, 0x000000008a880000, 0x00000000d6400000)
  object space 127488K, 2% used [0x0000000082c00000,0x0000000082ebec68,0x000000008a880000)
 Metaspace       used 7904K, capacity 8176K, committed 8448K, reserved 1056768K
  class space    used 872K, capacity 932K, committed 1024K, reserved 1048576K
Event: 1.364 GC heap after
Heap after GC invocations=11 (full 0):
 PSYoungGen      total 15360K, used 2016K [0x00000000d6400000, 0x00000000d8300000, 0x0000000100000000)
  eden space 13312K, 0% used [0x00000000d6400000,0x00000000d6400000,0x00000000d7100000)
  from space 2048K, 98% used [0x00000000d7100000,0x00000000d72f8010,0x00000000d7300000)
  to   space 5120K, 0% used [0x00000000d7e00000,0x00000000d7e00000,0x00000000d8300000)
 ParOldGen       total 127488K, used 9711K [0x0000000082c00000, 0x000000008a880000, 0x00000000d6400000)
  object space 127488K, 7% used [0x0000000082c00000,0x000000008357be90,0x000000008a880000)
 Metaspace       used 7904K, capacity 8176K, committed 8448K, reserved 1056768K
  class space    used 872K, capacity 932K, committed 1024K, reserved 1048576K
}
Event: 1.544 GC heap before
{Heap before GC invocations=12 (full 0):
 PSYoungGen      total 15360K, used 15328K [0x00000000d6400000, 0x00000000d8300000, 0x0000000100000000)
  eden space 13312K, 100% used [0x00000000d6400000,0x00000000d7100000,0x00000000d7100000)
  from space 2048K, 98% used [0x00000000d7100000,0x00000000d72f8010,0x00000000d7300000)
  to   space 5120K, 0% used [0x00000000d7e00000,0x00000000d7e00000,0x00000000d8300000)
 ParOldGen       total 127488K, used 9711K [0x0000000082c00000, 0x000000008a880000, 0x00000000d6400000)
  object space 127488K, 7% used [0x0000000082c00000,0x000000008357be90,0x000000008a880000)
 Metaspace       used 7968K, capacity 8240K, committed 8448K, reserved 1056768K
  class space    used 875K, capacity 932K, committed 1024K, reserved 1048576K
Event: 1.555 GC heap after
Heap after GC invocations=12 (full 0):
 PSYoungGen      total 25600K, used 1888K [0x00000000d6400000, 0x00000000d8200000, 0x0000000100000000)
  eden space 21504K, 0% used [0x00000000d6400000,0x00000000d6400000,0x00000000d7900000)
  from space 4096K, 46% used [0x00000000d7e00000,0x00000000d7fd8000,0x00000000d8200000)
  to   space 4608K, 0% used [0x00000000d7900000,0x00000000d7900000,0x00000000d7d80000)
 ParOldGen       total 127488K, used 11743K [0x0000000082c00000, 0x000000008a880000, 0x00000000d6400000)
  object space 127488K, 9% used [0x0000000082c00000,0x0000000083777ca0,0x000000008a880000)
 Metaspace       used 7968K, capacity 8240K, committed 8448K, reserved 1056768K
  class space    used 875K, capacity 932K, committed 1024K, reserved 1048576K
}
Event: 1.746 GC heap before
{Heap before GC invocations=13 (full 0):
 PSYoungGen      total 25600K, used 23392K [0x00000000d6400000, 0x00000000d8200000, 0x0000000100000000)
  eden space 21504K, 100% used [0x00000000d6400000,0x00000000d7900000,0x00000000d7900000)
  from space 4096K, 46% used [0x00000000d7e00000,0x00000000d7fd8000,0x00000000d8200000)
  to   space 4608K, 0% used [0x00000000d7900000,0x00000000d7900000,0x00000000d7d80000)
 ParOldGen       total 127488K, used 11743K [0x0000000082c00000, 0x000000008a880000, 0x00000000d6400000)
  object space 127488K, 9% used [0x0000000082c00000,0x0000000083777ca0,0x000000008a880000)
 Metaspace       used 8049K, capacity 8240K, committed 8448K, reserved 1056768K
  class space    used 886K, capacity 932K, committed 1024K, reserved 1048576K
Event: 1.759 GC heap after
Heap after GC invocations=13 (full 0):
 PSYoungGen      total 26112K, used 2144K [0x00000000d6400000, 0x00000000d8f00000, 0x0000000100000000)
  eden space 21504K, 0% used [0x00000000d6400000,0x00000000d6400000,0x00000000d7900000)
  from space 4608K, 46% used [0x00000000d7900000,0x00000000d7b18020,0x00000000d7d80000)
  to   space 4608K, 0% used [0x00000000d8a80000,0x00000000d8a80000,0x00000000d8f00000)
 ParOldGen       total 127488K, used 13271K [0x0000000082c00000, 0x000000008a880000, 0x00000000d6400000)
  object space 127488K, 10% used [0x0000000082c00000,0x00000000838f5ca0,0x000000008a880000)
 Metaspace       used 8049K, capacity 8240K, committed 8448K, reserved 1056768K
  class space    used 886K, capacity 932K, committed 1024K, reserved 1048576K
}
Event: 2.150 GC heap before
{Heap before GC invocations=14 (full 0):
 PSYoungGen      total 26112K, used 23648K [0x00000000d6400000, 0x00000000d8f00000, 0x0000000100000000)
  eden space 21504K, 100% used [0x00000000d6400000,0x00000000d7900000,0x00000000d7900000)
  from space 4608K, 46% used [0x00000000d7900000,0x00000000d7b18020,0x00000000d7d80000)
  to   space 4608K, 0% used [0x00000000d8a80000,0x00000000d8a80000,0x00000000d8f00000)
 ParOldGen       total 127488K, used 13271K [0x0000000082c00000, 0x000000008a880000, 0x00000000d6400000)
  object space 127488K, 10% used [0x0000000082c00000,0x00000000838f5ca0,0x000000008a880000)
 Metaspace       used 10898K, capacity 11214K, committed 11392K, reserved 1058816K
  class space    used 1313K, capacity 1385K, committed 1408K, reserved 1048576K
Event: 2.159 GC heap after
Heap after GC invocations=14 (full 0):
 PSYoungGen      total 39424K, used 2737K [0x00000000d6400000, 0x00000000d8f00000, 0x0000000100000000)
  eden space 34816K, 0% used [0x00000000d6400000,0x00000000d6400000,0x00000000d8600000)
  from space 4608K, 59% used [0x00000000d8a80000,0x00000000d8d2c620,0x00000000d8f00000)
  to   space 4608K, 0% used [0x00000000d8600000,0x00000000d8600000,0x00000000d8a80000)
 ParOldGen       total 127488K, used 15233K [0x0000000082c00000, 0x000000008a880000, 0x00000000d6400000)
  object space 127488K, 11% used [0x0000000082c00000,0x0000000083ae0608,0x000000008a880000)
 Metaspace       used 10898K, capacity 11214K, committed 11392K, reserved 1058816K
  class space    used 1313K, capacity 1385K, committed 1408K, reserved 1048576K
}
Event: 2.774 GC heap before
{Heap before GC invocations=15 (full 0):
 PSYoungGen      total 39424K, used 37553K [0x00000000d6400000, 0x00000000d8f00000, 0x0000000100000000)
  eden space 34816K, 100% used [0x00000000d6400000,0x00000000d8600000,0x00000000d8600000)
  from space 4608K, 59% used [0x00000000d8a80000,0x00000000d8d2c620,0x00000000d8f00000)
  to   space 4608K, 0% used [0x00000000d8600000,0x00000000d8600000,0x00000000d8a80000)
 ParOldGen       total 127488K, used 15233K [0x0000000082c00000, 0x000000008a880000, 0x00000000d6400000)
  object space 127488K, 11% used [0x0000000082c00000,0x0000000083ae0608,0x000000008a880000)
 Metaspace       used 11504K, capacity 11850K, committed 12032K, reserved 1060864K
  class space    used 1357K, capacity 1427K, committed 1536K, reserved 1048576K
Event: 2.798 GC heap after
Heap after GC invocations=15 (full 0):
 PSYoungGen      total 39424K, used 3136K [0x00000000d6400000, 0x00000000d8f00000, 0x0000000100000000)
  eden space 34816K, 0% used [0x00000000d6400000,0x00000000d6400000,0x00000000d8600000)
  from space 4608K, 68% used [0x00000000d8600000,0x00000000d8910000,0x00000000d8a80000)
  to   space 4608K, 0% used [0x00000000d8a80000,0x00000000d8a80000,0x00000000d8f00000)
 ParOldGen       total 127488K, used 16085K [0x0000000082c00000, 0x000000008a880000, 0x00000000d6400000)
  object space 127488K, 12% used [0x0000000082c00000,0x0000000083bb5728,0x000000008a880000)
 Metaspace       used 11504K, capacity 11850K, committed 12032K, reserved 1060864K
  class space    used 1357K, capacity 1427K, committed 1536K, reserved 1048576K
}

