# JRE version: Java(TM) SE Runtime Environment (8.0_05-b13) (build 1.8.0_05-b13)
# Java VM: Java HotSpot(TM) 64-Bit Server VM (25.5-b02 mixed mode windows-amd64 compressed oops)
Heap:
 PSYoungGen      total 12800K, used 5773K [0x00000000d6400000, 0x00000000d7900000, 0x0000000100000000)
  eden space 10752K, 42% used [0x00000000d6400000,0x00000000d687f4b8,0x00000000d6e80000)
  from space 2048K, 57% used [0x00000000d6e80000,0x00000000d6fa4010,0x00000000d7080000)
  to   space 2048K, 0% used [0x00000000d7700000,0x00000000d7700000,0x00000000d7900000)
 ParOldGen       total 127488K, used 4812K [0x0000000082c00000, 0x000000008a880000, 0x00000000d6400000)
  object space 127488K, 3% used [0x0000000082c00000,0x00000000830b3080,0x000000008a880000)
 Metaspace       used 16776K, capacity 16974K, committed 17408K, reserved 1064960K
  class space    used 2377K, capacity 2438K, committed 2560K, reserved 1048576K
GC Heap History (10 events):
Event: 0.917 GC heap before
{Heap before GC invocations=9 (full 0):
 PSYoungGen      total 5632K, used 5075K [0x00000000d6400000, 0x00000000d6b00000, 0x0000000100000000)
  eden space 4096K, 100% used [0x00000000d6400000,0x00000000d6800000,0x00000000d6800000)
  from space 1536K, 63% used [0x00000000d6980000,0x00000000d6a74c70,0x00000000d6b00000)
  to   space 1536K, 0% used [0x00000000d6800000,0x00000000d6800000,0x00000000d6980000)
 ParOldGen       total 127488K, used 1128K [0x0000000082c00000, 0x000000008a880000, 0x00000000d6400000)
  object space 127488K, 0% used [0x0000000082c00000,0x0000000082d1a178,0x000000008a880000)
 Metaspace       used 7775K, capacity 7884K, committed 8064K, reserved 1056768K
  class space    used 857K, capacity 890K, committed 896K, reserved 1048576K
Event: 0.923 GC heap after
Heap after GC invocations=9 (full 0):
 PSYoungGen      total 5632K, used 1525K [0x00000000d6400000, 0x00000000d6e80000, 0x0000000100000000)
  eden space 4096K, 0% used [0x00000000d6400000,0x00000000d6400000,0x00000000d6800000)
  from space 1536K, 99% used [0x00000000d6800000,0x00000000d697d738,0x00000000d6980000)
  to   space 2048K, 0% used [0x00000000d6c80000,0x00000000d6c80000,0x00000000d6e80000)
 ParOldGen       total 127488K, used 1510K [0x0000000082c00000, 0x000000008a880000, 0x00000000d6400000)
  object space 127488K, 1% used [0x0000000082c00000,0x0000000082d79bd8,0x000000008a880000)
 Metaspace       used 7775K, capacity 7884K, committed 8064K, reserved 1056768K
  class space    used 857K, capacity 890K, committed 896K, reserved 1048576K
}
Event: 1.209 GC heap before
{Heap before GC invocations=10 (full 0):
 PSYoungGen      total 5632K, used 5621K [0x00000000d6400000, 0x00000000d6e80000, 0x0000000100000000)
  eden space 4096K, 100% used [0x00000000d6400000,0x00000000d6800000,0x00000000d6800000)
  from space 1536K, 99% used [0x00000000d6800000,0x00000000d697d738,0x00000000d6980000)
  to   space 2048K, 0% used [0x00000000d6c80000,0x00000000d6c80000,0x00000000d6e80000)
 ParOldGen       total 127488K, used 1510K [0x0000000082c00000, 0x000000008a880000, 0x00000000d6400000)
  object space 127488K, 1% used [0x0000000082c00000,0x0000000082d79bd8,0x000000008a880000)
 Metaspace       used 10651K, capacity 10750K, committed 10880K, reserved 1058816K
  class space    used 1337K, capacity 1374K, committed 1408K, reserved 1048576K
Event: 1.214 GC heap after
Heap after GC invocations=10 (full 0):
 PSYoungGen      total 8704K, used 1330K [0x00000000d6400000, 0x00000000d6e80000, 0x0000000100000000)
  eden space 6656K, 0% used [0x00000000d6400000,0x00000000d6400000,0x00000000d6a80000)
  from space 2048K, 64% used [0x00000000d6c80000,0x00000000d6dcca98,0x00000000d6e80000)
  to   space 2048K, 0% used [0x00000000d6a80000,0x00000000d6a80000,0x00000000d6c80000)
 ParOldGen       total 127488K, used 2094K [0x0000000082c00000, 0x000000008a880000, 0x00000000d6400000)
  object space 127488K, 1% used [0x0000000082c00000,0x0000000082e0bbd8,0x000000008a880000)
 Metaspace       used 10651K, capacity 10750K, committed 10880K, reserved 1058816K
  class space    used 1337K, capacity 1374K, committed 1408K, reserved 1048576K
}
Event: 1.552 GC heap before
{Heap before GC invocations=11 (full 0):
 PSYoungGen      total 8704K, used 7986K [0x00000000d6400000, 0x00000000d6e80000, 0x0000000100000000)
  eden space 6656K, 100% used [0x00000000d6400000,0x00000000d6a80000,0x00000000d6a80000)
  from space 2048K, 64% used [0x00000000d6c80000,0x00000000d6dcca98,0x00000000d6e80000)
  to   space 2048K, 0% used [0x00000000d6a80000,0x00000000d6a80000,0x00000000d6c80000)
 ParOldGen       total 127488K, used 2094K [0x0000000082c00000, 0x000000008a880000, 0x00000000d6400000)
  object space 127488K, 1% used [0x0000000082c00000,0x0000000082e0bbd8,0x000000008a880000)
 Metaspace       used 14327K, capacity 14518K, committed 14720K, reserved 1062912K
  class space    used 1995K, capacity 2050K, committed 2176K, reserved 1048576K
Event: 1.557 GC heap after
Heap after GC invocations=11 (full 0):
 PSYoungGen      total 8704K, used 1354K [0x00000000d6400000, 0x00000000d7280000, 0x0000000100000000)
  eden space 6656K, 0% used [0x00000000d6400000,0x00000000d6400000,0x00000000d6a80000)
  from space 2048K, 66% used [0x00000000d6a80000,0x00000000d6bd2880,0x00000000d6c80000)
  to   space 2048K, 0% used [0x00000000d7080000,0x00000000d7080000,0x00000000d7280000)
 ParOldGen       total 127488K, used 2926K [0x0000000082c00000, 0x000000008a880000, 0x00000000d6400000)
  object space 127488K, 2% used [0x0000000082c00000,0x0000000082edbbd8,0x000000008a880000)
 Metaspace       used 14327K, capacity 14518K, committed 14720K, reserved 1062912K
  class space    used 1995K, capacity 2050K, committed 2176K, reserved 1048576K
}
Event: 1.905 GC heap before
{Heap before GC invocations=12 (full 0):
 PSYoungGen      total 8704K, used 8008K [0x00000000d6400000, 0x00000000d7280000, 0x0000000100000000)
  eden space 6656K, 99% used [0x00000000d6400000,0x00000000d6a7f918,0x00000000d6a80000)
  from space 2048K, 66% used [0x00000000d6a80000,0x00000000d6bd2880,0x00000000d6c80000)
  to   space 2048K, 0% used [0x00000000d7080000,0x00000000d7080000,0x00000000d7280000)
 ParOldGen       total 127488K, used 2926K [0x0000000082c00000, 0x000000008a880000, 0x00000000d6400000)
  object space 127488K, 2% used [0x0000000082c00000,0x0000000082edbbd8,0x000000008a880000)
 Metaspace       used 16287K, capacity 16430K, committed 16768K, reserved 1062912K
  class space    used 2308K, capacity 2342K, committed 2432K, reserved 1048576K
Event: 1.910 GC heap after
Heap after GC invocations=12 (full 0):
 PSYoungGen      total 12800K, used 1301K [0x00000000d6400000, 0x00000000d7280000, 0x0000000100000000)
  eden space 10752K, 0% used [0x00000000d6400000,0x00000000d6400000,0x00000000d6e80000)
  from space 2048K, 63% used [0x00000000d7080000,0x00000000d71c5488,0x00000000d7280000)
  to   space 2048K, 0% used [0x00000000d6e80000,0x00000000d6e80000,0x00000000d7080000)
 ParOldGen       total 127488K, used 3848K [0x0000000082c00000, 0x000000008a880000, 0x00000000d6400000)
  object space 127488K, 3% used [0x0000000082c00000,0x0000000082fc2060,0x000000008a880000)
 Metaspace       used 16287K, capacity 16430K, committed 16768K, reserved 1062912K
  class space    used 2308K, capacity 2342K, committed 2432K, reserved 1048576K
}
Event: 3.552 GC heap before
{Heap before GC invocations=13 (full 0):
 PSYoungGen      total 12800K, used 12053K [0x00000000d6400000, 0x00000000d7280000, 0x0000000100000000)
  eden space 10752K, 100% used [0x00000000d6400000,0x00000000d6e80000,0x00000000d6e80000)
  from space 2048K, 63% used [0x00000000d7080000,0x00000000d71c5488,0x00000000d7280000)
  to   space 2048K, 0% used [0x00000000d6e80000,0x00000000d6e80000,0x00000000d7080000)
 ParOldGen       total 127488K, used 3848K [0x0000000082c00000, 0x000000008a880000, 0x00000000d6400000)
  object space 127488K, 3% used [0x0000000082c00000,0x0000000082fc2060,0x000000008a880000)
 Metaspace       used 16379K, capacity 16590K, committed 16768K, reserved 1062912K
  class space    used 2311K, capacity 2374K, committed 2432K, reserved 1048576K
Event: 3.558 GC heap after
Heap after GC invocations=13 (full 0):
 PSYoungGen      total 12800K, used 1168K [0x00000000d6400000, 0x00000000d7900000, 0x0000000100000000)
  eden space 10752K, 0% used [0x00000000d6400000,0x00000000d6400000,0x00000000d6e80000)
  from space 2048K, 57% used [0x00000000d6e80000,0x00000000d6fa4010,0x00000000d7080000)
  to   space 2048K, 0% used [0x00000000d7700000,0x00000000d7700000,0x00000000d7900000)
 ParOldGen       total 127488K, used 4812K [0x0000000082c00000, 0x000000008a880000, 0x00000000d6400000)
  object space 127488K, 3% used [0x0000000082c00000,0x00000000830b3080,0x000000008a880000)
 Metaspace       used 16379K, capacity 16590K, committed 16768K, reserved 1062912K
  class space    used 2311K, capacity 2374K, committed 2432K, reserved 1048576K
}

