# JRE version: Java(TM) SE Runtime Environment (8.0_05-b13) (build 1.8.0_05-b13)
# Java VM: Java HotSpot(TM) 64-Bit Server VM (25.5-b02 mixed mode windows-amd64 compressed oops)
Heap:
 PSYoungGen      total 27648K, used 384K [0x00000000d6400000, 0x00000000d8880000, 0x0000000100000000)
  eden space 20480K, 0% used [0x00000000d6400000,0x00000000d6400000,0x00000000d7800000)
  from space 7168K, 5% used [0x00000000d7800000,0x00000000d7860000,0x00000000d7f00000)
  to   space 4608K, 0% used [0x00000000d7f00000,0x00000000d7f00000,0x00000000d8380000)
 ParOldGen       total 127488K, used 22366K [0x0000000082c00000, 0x000000008a880000, 0x00000000d6400000)
  object space 127488K, 17% used [0x0000000082c00000,0x00000000841d7a10,0x000000008a880000)
 Metaspace       used 20845K, capacity 21102K, committed 21296K, reserved 1067008K
  class space    used 2851K, capacity 2936K, committed 2944K, reserved 1048576K
GC Heap History (10 events):
Event: 2.255 GC heap after
Heap after GC invocations=13 (full 0):
 PSYoungGen      total 12800K, used 1152K [0x00000000d6400000, 0x00000000d7900000, 0x0000000100000000)
  eden space 10752K, 0% used [0x00000000d6400000,0x00000000d6400000,0x00000000d6e80000)
  from space 2048K, 56% used [0x00000000d6e80000,0x00000000d6fa0000,0x00000000d7080000)
  to   space 2048K, 0% used [0x00000000d7700000,0x00000000d7700000,0x00000000d7900000)
 ParOldGen       total 127488K, used 4883K [0x0000000082c00000, 0x000000008a880000, 0x00000000d6400000)
  object space 127488K, 3% used [0x0000000082c00000,0x00000000830c4ee0,0x000000008a880000)
 Metaspace       used 16366K, capacity 16590K, committed 16768K, reserved 1062912K
  class space    used 2311K, capacity 2374K, committed 2432K, reserved 1048576K
}
Event: 2.823 GC heap before
{Heap before GC invocations=14 (full 0):
 PSYoungGen      total 12800K, used 11904K [0x00000000d6400000, 0x00000000d7900000, 0x0000000100000000)
  eden space 10752K, 100% used [0x00000000d6400000,0x00000000d6e80000,0x00000000d6e80000)
  from space 2048K, 56% used [0x00000000d6e80000,0x00000000d6fa0000,0x00000000d7080000)
  to   space 2048K, 0% used [0x00000000d7700000,0x00000000d7700000,0x00000000d7900000)
 ParOldGen       total 127488K, used 4883K [0x0000000082c00000, 0x000000008a880000, 0x00000000d6400000)
  object space 127488K, 3% used [0x0000000082c00000,0x00000000830c4ee0,0x000000008a880000)
 Metaspace       used 18334K, capacity 18522K, committed 18816K, reserved 1064960K
  class space    used 2576K, capacity 2632K, committed 2688K, reserved 1048576K
Event: 2.835 GC heap after
Heap after GC invocations=14 (full 0):
 PSYoungGen      total 16384K, used 2039K [0x00000000d6400000, 0x00000000d7f00000, 0x0000000100000000)
  eden space 14336K, 0% used [0x00000000d6400000,0x00000000d6400000,0x00000000d7200000)
  from space 2048K, 99% used [0x00000000d7700000,0x00000000d78fdeb8,0x00000000d7900000)
  to   space 5120K, 0% used [0x00000000d7200000,0x00000000d7200000,0x00000000d7700000)
 ParOldGen       total 127488K, used 11749K [0x0000000082c00000, 0x000000008a880000, 0x00000000d6400000)
  object space 127488K, 9% used [0x0000000082c00000,0x00000000837794f8,0x000000008a880000)
 Metaspace       used 18334K, capacity 18522K, committed 18816K, reserved 1064960K
  class space    used 2576K, capacity 2632K, committed 2688K, reserved 1048576K
}
Event: 3.095 GC heap before
{Heap before GC invocations=15 (full 0):
 PSYoungGen      total 16384K, used 16375K [0x00000000d6400000, 0x00000000d7f00000, 0x0000000100000000)
  eden space 14336K, 100% used [0x00000000d6400000,0x00000000d7200000,0x00000000d7200000)
  from space 2048K, 99% used [0x00000000d7700000,0x00000000d78fdeb8,0x00000000d7900000)
  to   space 5120K, 0% used [0x00000000d7200000,0x00000000d7200000,0x00000000d7700000)
 ParOldGen       total 127488K, used 11749K [0x0000000082c00000, 0x000000008a880000, 0x00000000d6400000)
  object space 127488K, 9% used [0x0000000082c00000,0x00000000837794f8,0x000000008a880000)
 Metaspace       used 20214K, capacity 20462K, committed 20864K, reserved 1067008K
  class space    used 2797K, capacity 2872K, committed 2944K, reserved 1048576K
Event: 3.101 GC heap after
Heap after GC invocations=15 (full 0):
 PSYoungGen      total 19456K, used 2025K [0x00000000d6400000, 0x00000000d8380000, 0x0000000100000000)
  eden space 14336K, 0% used [0x00000000d6400000,0x00000000d6400000,0x00000000d7200000)
  from space 5120K, 39% used [0x00000000d7200000,0x00000000d73fa7a8,0x00000000d7700000)
  to   space 4608K, 0% used [0x00000000d7f00000,0x00000000d7f00000,0x00000000d8380000)
 ParOldGen       total 127488K, used 13467K [0x0000000082c00000, 0x000000008a880000, 0x00000000d6400000)
  object space 127488K, 10% used [0x0000000082c00000,0x0000000083926fe0,0x000000008a880000)
 Metaspace       used 20214K, capacity 20462K, committed 20864K, reserved 1067008K
  class space    used 2797K, capacity 2872K, committed 2944K, reserved 1048576K
}
Event: 3.405 GC heap before
{Heap before GC invocations=16 (full 0):
 PSYoungGen      total 19456K, used 16361K [0x00000000d6400000, 0x00000000d8380000, 0x0000000100000000)
  eden space 14336K, 99% used [0x00000000d6400000,0x00000000d71fff90,0x00000000d7200000)
  from space 5120K, 39% used [0x00000000d7200000,0x00000000d73fa7a8,0x00000000d7700000)
  to   space 4608K, 0% used [0x00000000d7f00000,0x00000000d7f00000,0x00000000d8380000)
 ParOldGen       total 127488K, used 13467K [0x0000000082c00000, 0x000000008a880000, 0x00000000d6400000)
  object space 127488K, 10% used [0x0000000082c00000,0x0000000083926fe0,0x000000008a880000)
 Metaspace       used 20826K, capacity 21102K, committed 21296K, reserved 1067008K
  class space    used 2851K, capacity 2936K, committed 2944K, reserved 1048576K
Event: 3.421 GC heap after
Heap after GC invocations=16 (full 0):
 PSYoungGen      total 25088K, used 4576K [0x00000000d6400000, 0x00000000d8880000, 0x0000000100000000)
  eden space 20480K, 0% used [0x00000000d6400000,0x00000000d6400000,0x00000000d7800000)
  from space 4608K, 99% used [0x00000000d7f00000,0x00000000d8378010,0x00000000d8380000)
  to   space 7168K, 0% used [0x00000000d7800000,0x00000000d7800000,0x00000000d7f00000)
 ParOldGen       total 127488K, used 17764K [0x0000000082c00000, 0x000000008a880000, 0x00000000d6400000)
  object space 127488K, 13% used [0x0000000082c00000,0x0000000083d591f8,0x000000008a880000)
 Metaspace       used 20826K, capacity 21102K, committed 21296K, reserved 1067008K
  class space    used 2851K, capacity 2936K, committed 2944K, reserved 1048576K
}
Event: 3.458 GC heap before
{Heap before GC invocations=17 (full 0):
 PSYoungGen      total 25088K, used 7000K [0x00000000d6400000, 0x00000000d8880000, 0x0000000100000000)
  eden space 20480K, 11% used [0x00000000d6400000,0x00000000d665e230,0x00000000d7800000)
  from space 4608K, 99% used [0x00000000d7f00000,0x00000000d8378010,0x00000000d8380000)
  to   space 7168K, 0% used [0x00000000d7800000,0x00000000d7800000,0x00000000d7f00000)
 ParOldGen       total 127488K, used 17764K [0x0000000082c00000, 0x000000008a880000, 0x00000000d6400000)
  object space 127488K, 13% used [0x0000000082c00000,0x0000000083d591f8,0x000000008a880000)
 Metaspace       used 20845K, capacity 21102K, committed 21296K, reserved 1067008K
  class space    used 2851K, capacity 2936K, committed 2944K, reserved 1048576K
Event: 3.471 GC heap after
Heap after GC invocations=17 (full 0):
 PSYoungGen      total 27648K, used 384K [0x00000000d6400000, 0x00000000d8880000, 0x0000000100000000)
  eden space 20480K, 0% used [0x00000000d6400000,0x00000000d6400000,0x00000000d7800000)
  from space 7168K, 5% used [0x00000000d7800000,0x00000000d7860000,0x00000000d7f00000)
  to   space 4608K, 0% used [0x00000000d7f00000,0x00000000d7f00000,0x00000000d8380000)
 ParOldGen       total 127488K, used 22366K [0x0000000082c00000, 0x000000008a880000, 0x00000000d6400000)
  object space 127488K, 17% used [0x0000000082c00000,0x00000000841d7a10,0x000000008a880000)
 Metaspace       used 20845K, capacity 21102K, committed 21296K, reserved 1067008K
  class space    used 2851K, capacity 2936K, committed 2944K, reserved 1048576K
}
Event: 3.471 GC heap before
{Heap before GC invocations=18 (full 1):
 PSYoungGen      total 27648K, used 384K [0x00000000d6400000, 0x00000000d8880000, 0x0000000100000000)
  eden space 20480K, 0% used [0x00000000d6400000,0x00000000d6400000,0x00000000d7800000)
  from space 7168K, 5% used [0x00000000d7800000,0x00000000d7860000,0x00000000d7f00000)
  to   space 4608K, 0% used [0x00000000d7f00000,0x00000000d7f00000,0x00000000d8380000)
 ParOldGen       total 127488K, used 22366K [0x0000000082c00000, 0x000000008a880000, 0x00000000d6400000)
  object space 127488K, 17% used [0x0000000082c00000,0x00000000841d7a10,0x000000008a880000)
 Metaspace       used 20845K, capacity 21102K, committed 21296K, reserved 1067008K
  class space    used 2851K, capacity 2936K, committed 2944K, reserved 1048576K

