# JRE version: Java(TM) SE Runtime Environment (8.0_05-b13) (build 1.8.0_05-b13)
# Java VM: Java HotSpot(TM) 64-Bit Server VM (25.5-b02 mixed mode windows-amd64 compressed oops)
Heap:
 PSYoungGen      total 10240K, used 9554K [0x00000000d6400000, 0x00000000d7000000, 0x0000000100000000)
  eden space 8192K, 91% used [0x00000000d6400000,0x00000000d6b560a0,0x00000000d6c00000)
  from space 2048K, 99% used [0x00000000d6c00000,0x00000000d6dfe970,0x00000000d6e00000)
  to   space 2048K, 0% used [0x00000000d6e00000,0x00000000d6e00000,0x00000000d7000000)
 ParOldGen       total 127488K, used 2496K [0x0000000082c00000, 0x000000008a880000, 0x00000000d6400000)
  object space 127488K, 1% used [0x0000000082c00000,0x0000000082e70320,0x000000008a880000)
 Metaspace       used 16298K, capacity 16430K, committed 16768K, reserved 1062912K
  class space    used 2308K, capacity 2342K, committed 2432K, reserved 1048576K
GC Heap History (10 events):
Event: 0.678 GC heap before
{Heap before GC invocations=5 (full 0):
 PSYoungGen      total 2560K, used 2560K [0x00000000d6400000, 0x00000000d6700000, 0x0000000100000000)
  eden space 2048K, 100% used [0x00000000d6400000,0x00000000d6600000,0x00000000d6600000)
  from space 512K, 100% used [0x00000000d6680000,0x00000000d6700000,0x00000000d6700000)
  to   space 512K, 0% used [0x00000000d6600000,0x00000000d6600000,0x00000000d6680000)
 ParOldGen       total 127488K, used 653K [0x0000000082c00000, 0x000000008a880000, 0x00000000d6400000)
  object space 127488K, 0% used [0x0000000082c00000,0x0000000082ca3698,0x000000008a880000)
 Metaspace       used 5175K, capacity 5264K, committed 5504K, reserved 1056768K
  class space    used 568K, capacity 608K, committed 640K, reserved 1048576K
Event: 0.716 GC heap after
Heap after GC invocations=5 (full 0):
 PSYoungGen      total 2560K, used 512K [0x00000000d6400000, 0x00000000d6b00000, 0x0000000100000000)
  eden space 2048K, 0% used [0x00000000d6400000,0x00000000d6400000,0x00000000d6600000)
  from space 512K, 100% used [0x00000000d6600000,0x00000000d6680000,0x00000000d6680000)
  to   space 1536K, 0% used [0x00000000d6980000,0x00000000d6980000,0x00000000d6b00000)
 ParOldGen       total 127488K, used 1171K [0x0000000082c00000, 0x000000008a880000, 0x00000000d6400000)
  object space 127488K, 0% used [0x0000000082c00000,0x0000000082d24c48,0x000000008a880000)
 Metaspace       used 5175K, capacity 5264K, committed 5504K, reserved 1056768K
  class space    used 568K, capacity 608K, committed 640K, reserved 1048576K
}
Event: 0.911 GC heap before
{Heap before GC invocations=6 (full 0):
 PSYoungGen      total 2560K, used 2560K [0x00000000d6400000, 0x00000000d6b00000, 0x0000000100000000)
  eden space 2048K, 100% used [0x00000000d6400000,0x00000000d6600000,0x00000000d6600000)
  from space 512K, 100% used [0x00000000d6600000,0x00000000d6680000,0x00000000d6680000)
  to   space 1536K, 0% used [0x00000000d6980000,0x00000000d6980000,0x00000000d6b00000)
 ParOldGen       total 127488K, used 1171K [0x0000000082c00000, 0x000000008a880000, 0x00000000d6400000)
  object space 127488K, 0% used [0x0000000082c00000,0x0000000082d24c48,0x000000008a880000)
 Metaspace       used 6342K, capacity 6476K, committed 6656K, reserved 1056768K
  class space    used 707K, capacity 762K, committed 768K, reserved 1048576K
Event: 0.915 GC heap after
Heap after GC invocations=6 (full 0):
 PSYoungGen      total 5632K, used 1015K [0x00000000d6400000, 0x00000000d6b00000, 0x0000000100000000)
  eden space 4096K, 0% used [0x00000000d6400000,0x00000000d6400000,0x00000000d6800000)
  from space 1536K, 66% used [0x00000000d6980000,0x00000000d6a7df48,0x00000000d6b00000)
  to   space 1536K, 0% used [0x00000000d6800000,0x00000000d6800000,0x00000000d6980000)
 ParOldGen       total 127488K, used 1171K [0x0000000082c00000, 0x000000008a880000, 0x00000000d6400000)
  object space 127488K, 0% used [0x0000000082c00000,0x0000000082d24c48,0x000000008a880000)
 Metaspace       used 6342K, capacity 6476K, committed 6656K, reserved 1056768K
  class space    used 707K, capacity 762K, committed 768K, reserved 1048576K
}
Event: 1.138 GC heap before
{Heap before GC invocations=7 (full 0):
 PSYoungGen      total 5632K, used 5111K [0x00000000d6400000, 0x00000000d6b00000, 0x0000000100000000)
  eden space 4096K, 100% used [0x00000000d6400000,0x00000000d6800000,0x00000000d6800000)
  from space 1536K, 66% used [0x00000000d6980000,0x00000000d6a7df48,0x00000000d6b00000)
  to   space 1536K, 0% used [0x00000000d6800000,0x00000000d6800000,0x00000000d6980000)
 ParOldGen       total 127488K, used 1171K [0x0000000082c00000, 0x000000008a880000, 0x00000000d6400000)
  object space 127488K, 0% used [0x0000000082c00000,0x0000000082d24c48,0x000000008a880000)
 Metaspace       used 7184K, capacity 7308K, committed 7552K, reserved 1056768K
  class space    used 795K, capacity 826K, committed 896K, reserved 1048576K
Event: 1.145 GC heap after
Heap after GC invocations=7 (full 0):
 PSYoungGen      total 5632K, used 1529K [0x00000000d6400000, 0x00000000d7000000, 0x0000000100000000)
  eden space 4096K, 0% used [0x00000000d6400000,0x00000000d6400000,0x00000000d6800000)
  from space 1536K, 99% used [0x00000000d6800000,0x00000000d697e5d0,0x00000000d6980000)
  to   space 2048K, 0% used [0x00000000d6e00000,0x00000000d6e00000,0x00000000d7000000)
 ParOldGen       total 127488K, used 1344K [0x0000000082c00000, 0x000000008a880000, 0x00000000d6400000)
  object space 127488K, 1% used [0x0000000082c00000,0x0000000082d50000,0x000000008a880000)
 Metaspace       used 7184K, capacity 7308K, committed 7552K, reserved 1056768K
  class space    used 795K, capacity 826K, committed 896K, reserved 1048576K
}
Event: 1.702 GC heap before
{Heap before GC invocations=8 (full 0):
 PSYoungGen      total 5632K, used 5625K [0x00000000d6400000, 0x00000000d7000000, 0x0000000100000000)
  eden space 4096K, 99% used [0x00000000d6400000,0x00000000d67fff28,0x00000000d6800000)
  from space 1536K, 99% used [0x00000000d6800000,0x00000000d697e5d0,0x00000000d6980000)
  to   space 2048K, 0% used [0x00000000d6e00000,0x00000000d6e00000,0x00000000d7000000)
 ParOldGen       total 127488K, used 1344K [0x0000000082c00000, 0x000000008a880000, 0x00000000d6400000)
  object space 127488K, 1% used [0x0000000082c00000,0x0000000082d50000,0x000000008a880000)
 Metaspace       used 10155K, capacity 10264K, committed 10496K, reserved 1058816K
  class space    used 1244K, capacity 1277K, committed 1280K, reserved 1048576K
Event: 1.710 GC heap after
Heap after GC invocations=8 (full 0):
 PSYoungGen      total 10240K, used 1824K [0x00000000d6400000, 0x00000000d7000000, 0x0000000100000000)
  eden space 8192K, 0% used [0x00000000d6400000,0x00000000d6400000,0x00000000d6c00000)
  from space 2048K, 89% used [0x00000000d6e00000,0x00000000d6fc82d8,0x00000000d7000000)
  to   space 2048K, 0% used [0x00000000d6c00000,0x00000000d6c00000,0x00000000d6e00000)
 ParOldGen       total 127488K, used 1520K [0x0000000082c00000, 0x000000008a880000, 0x00000000d6400000)
  object space 127488K, 1% used [0x0000000082c00000,0x0000000082d7c000,0x000000008a880000)
 Metaspace       used 10155K, capacity 10264K, committed 10496K, reserved 1058816K
  class space    used 1244K, capacity 1277K, committed 1280K, reserved 1048576K
}
Event: 2.301 GC heap before
{Heap before GC invocations=9 (full 0):
 PSYoungGen      total 10240K, used 10016K [0x00000000d6400000, 0x00000000d7000000, 0x0000000100000000)
  eden space 8192K, 100% used [0x00000000d6400000,0x00000000d6c00000,0x00000000d6c00000)
  from space 2048K, 89% used [0x00000000d6e00000,0x00000000d6fc82d8,0x00000000d7000000)
  to   space 2048K, 0% used [0x00000000d6c00000,0x00000000d6c00000,0x00000000d6e00000)
 ParOldGen       total 127488K, used 1520K [0x0000000082c00000, 0x000000008a880000, 0x00000000d6400000)
  object space 127488K, 1% used [0x0000000082c00000,0x0000000082d7c000,0x000000008a880000)
 Metaspace       used 14742K, capacity 14882K, committed 15232K, reserved 1062912K
  class space    used 2050K, capacity 2084K, committed 2176K, reserved 1048576K
Event: 2.310 GC heap after
Heap after GC invocations=9 (full 0):
 PSYoungGen      total 10240K, used 2042K [0x00000000d6400000, 0x00000000d7000000, 0x0000000100000000)
  eden space 8192K, 0% used [0x00000000d6400000,0x00000000d6400000,0x00000000d6c00000)
  from space 2048K, 99% used [0x00000000d6c00000,0x00000000d6dfe970,0x00000000d6e00000)
  to   space 2048K, 0% used [0x00000000d6e00000,0x00000000d6e00000,0x00000000d7000000)
 ParOldGen       total 127488K, used 2496K [0x0000000082c00000, 0x000000008a880000, 0x00000000d6400000)
  object space 127488K, 1% used [0x0000000082c00000,0x0000000082e70320,0x000000008a880000)
 Metaspace       used 14742K, capacity 14882K, committed 15232K, reserved 1062912K
  class space    used 2050K, capacity 2084K, committed 2176K, reserved 1048576K
}

