# JRE version: Java(TM) SE Runtime Environment (8.0_05-b13) (build 1.8.0_05-b13)
# Java VM: Java HotSpot(TM) 64-Bit Server VM (25.5-b02 mixed mode windows-amd64 compressed oops)
Heap:
 PSYoungGen      total 22016K, used 17895K [0x00000000d6400000, 0x00000000d8700000, 0x0000000100000000)
  eden space 14848K, 100% used [0x00000000d6400000,0x00000000d7280000,0x00000000d7280000)
  from space 7168K, 42% used [0x00000000d7b80000,0x00000000d7e79e60,0x00000000d8280000)
  to   space 9216K, 21% used [0x00000000d7280000,0x00000000d7470000,0x00000000d7b80000)
 ParOldGen       total 24576K, used 20528K [0x0000000082c00000, 0x0000000084400000, 0x00000000d6400000)
  object space 24576K, 83% used [0x0000000082c00000,0x000000008400c2b0,0x0000000084400000)
 Metaspace       used 20659K, capacity 20936K, committed 21120K, reserved 1073152K
  class space    used 2815K, capacity 2903K, committed 2944K, reserved 1048576K
GC Heap History (10 events):
Event: 2.500 GC heap before
{Heap before GC invocations=15 (full 2):
 PSYoungGen      total 12800K, used 3046K [0x00000000d6400000, 0x00000000d8080000, 0x0000000100000000)
  eden space 9728K, 0% used [0x00000000d6400000,0x00000000d6400000,0x00000000d6d80000)
  from space 3072K, 99% used [0x00000000d6d80000,0x00000000d7079938,0x00000000d7080000)
  to   space 8192K, 0% used [0x00000000d7880000,0x00000000d7880000,0x00000000d8080000)
 ParOldGen       total 15872K, used 14759K [0x0000000082c00000, 0x0000000083b80000, 0x00000000d6400000)
  object space 15872K, 92% used [0x0000000082c00000,0x0000000083a69cf0,0x0000000083b80000)
 Metaspace       used 16766K, capacity 16942K, committed 17024K, reserved 1069056K
  class space    used 2367K, capacity 2406K, committed 2432K, reserved 1048576K
Event: 2.536 GC heap after
Heap after GC invocations=15 (full 2):
 PSYoungGen      total 12800K, used 0K [0x00000000d6400000, 0x00000000d8080000, 0x0000000100000000)
  eden space 9728K, 0% used [0x00000000d6400000,0x00000000d6400000,0x00000000d6d80000)
  from space 3072K, 0% used [0x00000000d6d80000,0x00000000d6d80000,0x00000000d7080000)
  to   space 8192K, 0% used [0x00000000d7880000,0x00000000d7880000,0x00000000d8080000)
 ParOldGen       total 17920K, used 11457K [0x0000000082c00000, 0x0000000083d80000, 0x00000000d6400000)
  object space 17920K, 63% used [0x0000000082c00000,0x00000000837307d0,0x0000000083d80000)
 Metaspace       used 16766K, capacity 16942K, committed 17024K, reserved 1069056K
  class space    used 2367K, capacity 2406K, committed 2432K, reserved 1048576K
}
Event: 2.957 GC heap before
{Heap before GC invocations=16 (full 2):
 PSYoungGen      total 12800K, used 9691K [0x00000000d6400000, 0x00000000d8080000, 0x0000000100000000)
  eden space 9728K, 99% used [0x00000000d6400000,0x00000000d6d76da0,0x00000000d6d80000)
  from space 3072K, 0% used [0x00000000d6d80000,0x00000000d6d80000,0x00000000d7080000)
  to   space 8192K, 0% used [0x00000000d7880000,0x00000000d7880000,0x00000000d8080000)
 ParOldGen       total 17920K, used 11457K [0x0000000082c00000, 0x0000000083d80000, 0x00000000d6400000)
  object space 17920K, 63% used [0x0000000082c00000,0x00000000837307d0,0x0000000083d80000)
 Metaspace       used 18860K, capacity 19080K, committed 19456K, reserved 1071104K
  class space    used 2636K, capacity 2711K, committed 2816K, reserved 1048576K
Event: 2.964 GC heap after
Heap after GC invocations=16 (full 2):
 PSYoungGen      total 19968K, used 2550K [0x00000000d6400000, 0x00000000d7f80000, 0x0000000100000000)
  eden space 12800K, 0% used [0x00000000d6400000,0x00000000d6400000,0x00000000d7080000)
  from space 7168K, 35% used [0x00000000d7880000,0x00000000d7afd9d8,0x00000000d7f80000)
  to   space 7680K, 0% used [0x00000000d7080000,0x00000000d7080000,0x00000000d7800000)
 ParOldGen       total 17920K, used 11465K [0x0000000082c00000, 0x0000000083d80000, 0x00000000d6400000)
  object space 17920K, 63% used [0x0000000082c00000,0x00000000837327d0,0x0000000083d80000)
 Metaspace       used 18860K, capacity 19080K, committed 19456K, reserved 1071104K
  class space    used 2636K, capacity 2711K, committed 2816K, reserved 1048576K
}
Event: 3.225 GC heap before
{Heap before GC invocations=17 (full 2):
 PSYoungGen      total 19968K, used 15350K [0x00000000d6400000, 0x00000000d7f80000, 0x0000000100000000)
  eden space 12800K, 100% used [0x00000000d6400000,0x00000000d7080000,0x00000000d7080000)
  from space 7168K, 35% used [0x00000000d7880000,0x00000000d7afd9d8,0x00000000d7f80000)
  to   space 7680K, 0% used [0x00000000d7080000,0x00000000d7080000,0x00000000d7800000)
 ParOldGen       total 17920K, used 11465K [0x0000000082c00000, 0x0000000083d80000, 0x00000000d6400000)
  object space 17920K, 63% used [0x0000000082c00000,0x00000000837327d0,0x0000000083d80000)
 Metaspace       used 20531K, capacity 20872K, committed 21120K, reserved 1073152K
  class space    used 2809K, capacity 2903K, committed 2944K, reserved 1048576K
Event: 3.231 GC heap after
Heap after GC invocations=17 (full 2):
 PSYoungGen      total 20480K, used 2338K [0x00000000d6400000, 0x00000000d8280000, 0x0000000100000000)
  eden space 12800K, 0% used [0x00000000d6400000,0x00000000d6400000,0x00000000d7080000)
  from space 7680K, 30% used [0x00000000d7080000,0x00000000d72c89c0,0x00000000d7800000)
  to   space 7168K, 0% used [0x00000000d7b80000,0x00000000d7b80000,0x00000000d8280000)
 ParOldGen       total 17920K, used 12409K [0x0000000082c00000, 0x0000000083d80000, 0x00000000d6400000)
  object space 17920K, 69% used [0x0000000082c00000,0x000000008381e668,0x0000000083d80000)
 Metaspace       used 20531K, capacity 20872K, committed 21120K, reserved 1073152K
  class space    used 2809K, capacity 2903K, committed 2944K, reserved 1048576K
}
Event: 3.453 GC heap before
{Heap before GC invocations=18 (full 2):
 PSYoungGen      total 20480K, used 15138K [0x00000000d6400000, 0x00000000d8280000, 0x0000000100000000)
  eden space 12800K, 100% used [0x00000000d6400000,0x00000000d7080000,0x00000000d7080000)
  from space 7680K, 30% used [0x00000000d7080000,0x00000000d72c89c0,0x00000000d7800000)
  to   space 7168K, 0% used [0x00000000d7b80000,0x00000000d7b80000,0x00000000d8280000)
 ParOldGen       total 17920K, used 12409K [0x0000000082c00000, 0x0000000083d80000, 0x00000000d6400000)
  object space 17920K, 69% used [0x0000000082c00000,0x000000008381e668,0x0000000083d80000)
 Metaspace       used 20643K, capacity 20936K, committed 21120K, reserved 1073152K
  class space    used 2815K, capacity 2903K, committed 2944K, reserved 1048576K
Event: 3.468 GC heap after
Heap after GC invocations=18 (full 2):
 PSYoungGen      total 22016K, used 7149K [0x00000000d6400000, 0x00000000d8700000, 0x0000000100000000)
  eden space 14848K, 0% used [0x00000000d6400000,0x00000000d6400000,0x00000000d7280000)
  from space 7168K, 99% used [0x00000000d7b80000,0x00000000d827b458,0x00000000d8280000)
  to   space 9216K, 0% used [0x00000000d7280000,0x00000000d7280000,0x00000000d7b80000)
 ParOldGen       total 17920K, used 14002K [0x0000000082c00000, 0x0000000083d80000, 0x00000000d6400000)
  object space 17920K, 78% used [0x0000000082c00000,0x00000000839ac818,0x0000000083d80000)
 Metaspace       used 20643K, capacity 20936K, committed 21120K, reserved 1073152K
  class space    used 2815K, capacity 2903K, committed 2944K, reserved 1048576K
}
Event: 3.468 GC heap before
{Heap before GC invocations=19 (full 3):
 PSYoungGen      total 22016K, used 7149K [0x00000000d6400000, 0x00000000d8700000, 0x0000000100000000)
  eden space 14848K, 0% used [0x00000000d6400000,0x00000000d6400000,0x00000000d7280000)
  from space 7168K, 99% used [0x00000000d7b80000,0x00000000d827b458,0x00000000d8280000)
  to   space 9216K, 0% used [0x00000000d7280000,0x00000000d7280000,0x00000000d7b80000)
 ParOldGen       total 17920K, used 14002K [0x0000000082c00000, 0x0000000083d80000, 0x00000000d6400000)
  object space 17920K, 78% used [0x0000000082c00000,0x00000000839ac818,0x0000000083d80000)
 Metaspace       used 20643K, capacity 20936K, committed 21120K, reserved 1073152K
  class space    used 2815K, capacity 2903K, committed 2944K, reserved 1048576K
Event: 3.645 GC heap after
Heap after GC invocations=19 (full 3):
 PSYoungGen      total 22016K, used 3047K [0x00000000d6400000, 0x00000000d8700000, 0x0000000100000000)
  eden space 14848K, 0% used [0x00000000d6400000,0x00000000d6400000,0x00000000d7280000)
  from space 7168K, 42% used [0x00000000d7b80000,0x00000000d7e79e60,0x00000000d8280000)
  to   space 9216K, 0% used [0x00000000d7280000,0x00000000d7280000,0x00000000d7b80000)
 ParOldGen       total 24576K, used 17440K [0x0000000082c00000, 0x0000000084400000, 0x00000000d6400000)
  object space 24576K, 70% used [0x0000000082c00000,0x0000000083d082b0,0x0000000084400000)
 Metaspace       used 20643K, capacity 20936K, committed 21120K, reserved 1073152K
  class space    used 2815K, capacity 2903K, committed 2944K, reserved 1048576K
}

